2024-05-27 09:08:37 [                     BeforeInstall] -           DEBUG - []
2024-05-27 09:08:37 [                        WebRequest] - HTTPCODE WAS 0. EXPECTED 200. RESPONSE:  - []
2024-05-27 09:08:45 [                      BeforeUpdate] -           DEBUG - []
2024-05-27 09:11:06 [                     BeforeInstall] -           DEBUG - []
2024-05-27 09:11:06 [                        WebRequest] - HTTPCODE WAS 0. EXPECTED 200. RESPONSE:  - []
2024-05-27 09:11:16 [                     BeforeInstall] -           DEBUG - []
2024-05-27 09:11:16 [                        WebRequest] - HTTPCODE WAS 0. EXPECTED 200. RESPONSE:  - []
2024-05-27 09:13:57 [                     BeforeInstall] -           DEBUG - []
2024-05-27 09:13:57 [                        START CALL] -                 - [/Applications/MAMP/htdocs/ccvshop/Components/Classes/PluginGateway.php]
2024-05-27 09:13:57 [                     Hash::IsValid] -        VALIDATE - [124ac6b3340e52aa028f4ef583656a9b3af455c09882942ec2ef3585329073ae9c4c8346cfeb409d763852fa1cc809fdf1a20f6796b7664de1234ea23394c069]
2024-05-27 09:13:57 [                        Hash::Hash] -            DATA - [https://free-spiders-vanish.loca.lt/install|AeLHxjEznO3e^ArMIq0_FX7uf0_xoxfW]
2024-05-27 09:13:57 [                        Hash::Hash] -        GENERATE - [124ac6b3340e52aa028f4ef583656a9b3af455c09882942ec2ef3585329073ae9c4c8346cfeb409d763852fa1cc809fdf1a20f6796b7664de1234ea23394c069]
2024-05-27 09:13:57 [                     Hash::IsValid] -           VALID - [OK]
2024-05-27 09:14:10 [                      BeforeUpdate] -           DEBUG - [{"api_public":"AeLHxjEznO3e^ArMIq0_FX7uf0_xoxfW"}]
2024-05-27 09:38:56 [                   BeforeHandshake] -           DEBUG - [{"api_public":"qrI4WanvA4AJbWVWiCsONGf6nPiLKnUr","api_secret":"K!9Md6h6IZwSeuefle!AuxALl*Z1orF*","api_root":"https:\/\/gingerpaymentstest.ccvshop.nl","return_url":"https:\/\/gingerpaymentstest.ccvshop.nl\/onderhoud\/AdminItems\/AppStore\/AppStore.Return.php?Id=12970"}]
2024-05-27 09:38:56 [                        START CALL] -                 - [/Applications/MAMP/htdocs/ccvshop/Components/Classes/PluginGateway.php]
2024-05-27 09:38:56 [                         Handshake] -           INPUT - [{"api_public":"qrI4WanvA4AJbWVWiCsONGf6nPiLKnUr","api_secret":"K!9Md6h6IZwSeuefle!AuxALl*Z1orF*","api_root":"https:\/\/gingerpaymentstest.ccvshop.nl","return_url":"https:\/\/gingerpaymentstest.ccvshop.nl\/onderhoud\/AdminItems\/AppStore\/AppStore.Return.php?Id=12970"}]
2024-05-27 09:38:56 [                ProcessCredentials] -           START - []
2024-05-27 09:38:57 [           Data_Credential::Insert] -           INPUT - [Row inserted into database with Id ]
2024-05-27 09:38:57 [                ProcessCredentials] -             END - []
2024-05-27 09:38:57 [                         Handshake] -          OUTPUT - [HTTP/1.1 200 OK]
2024-05-27 09:38:57 [                          END CALL] -                 - [/Applications/MAMP/htdocs/ccvshop/Components/Classes/PluginGateway.php]

2024-05-27 09:39:35 [                     BeforeInstall] -           DEBUG - []
2024-05-27 09:39:36 [                        START CALL] -                 - [/Applications/MAMP/htdocs/ccvshop/Components/Classes/PluginGateway.php]
2024-05-27 09:39:36 [                     Hash::IsValid] -        VALIDATE - [dababa2ecc01a23619f6e3829b3198152011425e25b97854cb6bfdd877bfa4a2efa7f6816d7c6a0c3167b37ef69f47ab69f42d0d50b7198450b4a081d9469909]
2024-05-27 09:39:36 [                        Hash::Hash] -            DATA - [https://twenty-donkeys-bow.loca.lt/install|qrI4WanvA4AJbWVWiCsONGf6nPiLKnUr]
2024-05-27 09:39:36 [                        Hash::Hash] -        GENERATE - [dababa2ecc01a23619f6e3829b3198152011425e25b97854cb6bfdd877bfa4a2efa7f6816d7c6a0c3167b37ef69f47ab69f42d0d50b7198450b4a081d9469909]
2024-05-27 09:39:36 [                     Hash::IsValid] -           VALID - [OK]
2024-05-27 09:39:49 [                     BeforeInstall] -           DEBUG - [language=en&api_public=qrI4WanvA4AJbWVWiCsONGf6nPiLKnUr&install_type=app_psp&ginger_api_key=e9a320bc591c41668c89e5ba59591c53&ginger_afterpay_test_api_key=e9a320bc591c41668c89e5ba59591c53&ginger_klarna_test_api_key=e9a320bc591c41668c89e5ba59591c53&ginger_afterpay_countries=NL%2C+BE&action=install]
2024-05-27 09:39:50 [           Data_Credential::Update] -           INPUT - [Row updated on qrI4WanvA4AJbWVWiCsONGf6nPiLKnUr]
2024-05-27 09:39:55 [                     BeforeInstall] -           DEBUG - [language=en&api_public=qrI4WanvA4AJbWVWiCsONGf6nPiLKnUr&install_type=app_psp&ginger_api_key=e9a320bc591c41668c89e5ba59591c53&ginger_afterpay_test_api_key=e9a320bc591c41668c89e5ba59591c53&ginger_klarna_test_api_key=e9a320bc591c41668c89e5ba59591c53&ginger_afterpay_countries=NL%2C+BE&action=install]
2024-05-27 09:39:56 [                           Install] -          OUTPUT - [Location: https://gingerpaymentstest.ccvshop.nl/onderhoud/AdminItems/AppStore/AppStore.Return.php?Id=12970]
2024-05-27 09:39:56 [                          END CALL] -                 - [/Applications/MAMP/htdocs/ccvshop/Components/Classes/PluginGateway.php]

2024-05-27 09:39:56 [           Data_Credential::Update] -           INPUT - [Row updated on qrI4WanvA4AJbWVWiCsONGf6nPiLKnUr]
2024-05-27 09:39:57 [                        WebRequest] -     POST::ERROR - [HttpCode was 400. Expected 200|201 on [POST] https://gingerpaymentstest.ccvshop.nl/api/rest/v1/apps/12970/apppsp/. Response: {"status":400,"code":"400.30","property":"data","message":"Bad Request","developermessage":"Bad Request - Data has a conflict. Error on: App PSP already exists for this webshop. Combination of webshop:id and app:id must be unique.","moreinfo":"https:\/\/gingerpaymentstest.ccvshop.nl\/API\/Docs\/#error40030"}]
2024-05-27 09:39:57 [                        START CALL] -                 - [/Applications/MAMP/htdocs/ccvshop/Components/Classes/PluginGateway.php]
2024-05-27 09:39:57 [                           Install] -           ERROR - [HTTP/1.1 500 Internal Server Error. API returned an unexpected result. HttpCode was 400. Expected 200|201 on [POST] https://gingerpaymentstest.ccvshop.nl/api/rest/v1/apps/12970/apppsp/]
2024-05-27 09:39:57 [                          END CALL] -                 - []

