2024-04-15 09:47:21 [                   BeforeHandshake] -           DEBUG - [{"api_public":"EYzPJfUe3O1dzXLL5NU*SIpxZh7xNYxX","api_secret":"gpiYh1Z0-xxRukKKxyverscCtrv5r_rz","api_root":"https:\/\/gingerpaymentstest.ccvshop.nl","return_url":"https:\/\/gingerpaymentstest.ccvshop.nl\/onderhoud\/AdminItems\/AppStore\/AppStore.Return.php?Id=12970"}]
2024-04-15 09:47:21 [                        START CALL] -                 - [/Applications/MAMP/htdocs/Components/Classes/PluginGateway.php]
2024-04-15 09:47:21 [                         Handshake] -           INPUT - [{"api_public":"EYzPJfUe3O1dzXLL5NU*SIpxZh7xNYxX","api_secret":"gpiYh1Z0-xxRukKKxyverscCtrv5r_rz","api_root":"https:\/\/gingerpaymentstest.ccvshop.nl","return_url":"https:\/\/gingerpaymentstest.ccvshop.nl\/onderhoud\/AdminItems\/AppStore\/AppStore.Return.php?Id=12970"}]
2024-04-15 09:47:21 [                ProcessCredentials] -           START - []
2024-04-15 09:47:21 [                        WebRequest] - HTTPCODE WAS 401. EXPECTED 200. RESPONSE: {"STATUS":401,"CODE":"401.10","PROPERTY":"X-PUBLIC","MESSAGE":"UNAUTHORIZED","DEVELOPERMESSAGE":"UNAUTHORIZED - HEADER [X-PUBLIC] IS NOT CORRECT","MOREINFO":"HTTPS:\/\/GINGERPAYMENTSTEST.CCVSHOP.NL\/API\/DOCS\/#ERROR40110"} - []
2024-04-15 09:47:21 [                         Handshake] -           ERROR - [HTTP/1.1 500 Internal Server Error. API returned an unexpected result. HttpCode was 401. Expected 200]
2024-04-15 09:47:21 [                          END CALL] -                 - [/Applications/MAMP/htdocs/Components/Classes/PluginGateway.php]

2024-04-15 10:15:51 [                   BeforeHandshake] -           DEBUG - [{"api_public":"qw6Tu7YXIao4sZhCi66hI85Ei2x3LYyw","api_secret":"u9OaCGuWZTUS3WSQb0E_Tai_*Bci6GLf","api_root":"https:\/\/gingerpaymentstest.ccvshop.nl","return_url":"https:\/\/gingerpaymentstest.ccvshop.nl\/onderhoud\/AdminItems\/AppStore\/AppStore.Return.php?Id=12970"}]
2024-04-15 10:15:51 [                        START CALL] -                 - [/Applications/MAMP/htdocs/Components/Classes/PluginGateway.php]
2024-04-15 10:15:51 [                         Handshake] -           INPUT - [{"api_public":"qw6Tu7YXIao4sZhCi66hI85Ei2x3LYyw","api_secret":"u9OaCGuWZTUS3WSQb0E_Tai_*Bci6GLf","api_root":"https:\/\/gingerpaymentstest.ccvshop.nl","return_url":"https:\/\/gingerpaymentstest.ccvshop.nl\/onderhoud\/AdminItems\/AppStore\/AppStore.Return.php?Id=12970"}]
2024-04-15 10:15:51 [                ProcessCredentials] -           START - []
2024-04-15 10:15:51 [                        WebRequest] - HTTPCODE WAS 401. EXPECTED 200. RESPONSE: {"STATUS":401,"CODE":"401.10","PROPERTY":"X-PUBLIC","MESSAGE":"UNAUTHORIZED","DEVELOPERMESSAGE":"UNAUTHORIZED - HEADER [X-PUBLIC] IS NOT CORRECT","MOREINFO":"HTTPS:\/\/GINGERPAYMENTSTEST.CCVSHOP.NL\/API\/DOCS\/#ERROR40110"} - []
2024-04-15 10:15:51 [                         Handshake] -           ERROR - [HTTP/1.1 500 Internal Server Error. API returned an unexpected result. HttpCode was 401. Expected 200]
2024-04-15 10:15:51 [                          END CALL] -                 - [/Applications/MAMP/htdocs/Components/Classes/PluginGateway.php]

2024-04-15 10:17:39 [                   BeforeHandshake] -           DEBUG - [{"api_public":"4Ideo6_Q!^0AgjFgsDNkBkeZcnc*5Vpk","api_secret":"tr!Dl*vk8JQsgvUNFjpMKnu1AySadBfA","api_root":"https:\/\/gingerpaymentstest.ccvshop.nl","return_url":"https:\/\/gingerpaymentstest.ccvshop.nl\/onderhoud\/AdminItems\/AppStore\/AppStore.Return.php?Id=12970"}]
2024-04-15 10:17:39 [                        START CALL] -                 - [/Applications/MAMP/htdocs/Components/Classes/PluginGateway.php]
2024-04-15 10:17:39 [                         Handshake] -           INPUT - [{"api_public":"4Ideo6_Q!^0AgjFgsDNkBkeZcnc*5Vpk","api_secret":"tr!Dl*vk8JQsgvUNFjpMKnu1AySadBfA","api_root":"https:\/\/gingerpaymentstest.ccvshop.nl","return_url":"https:\/\/gingerpaymentstest.ccvshop.nl\/onderhoud\/AdminItems\/AppStore\/AppStore.Return.php?Id=12970"}]
2024-04-15 10:17:39 [                ProcessCredentials] -           START - []
2024-04-15 10:17:40 [                        WebRequest] - HTTPCODE WAS 401. EXPECTED 200. RESPONSE: {"STATUS":401,"CODE":"401.10","PROPERTY":"X-PUBLIC","MESSAGE":"UNAUTHORIZED","DEVELOPERMESSAGE":"UNAUTHORIZED - HEADER [X-PUBLIC] IS NOT CORRECT","MOREINFO":"HTTPS:\/\/GINGERPAYMENTSTEST.CCVSHOP.NL\/API\/DOCS\/#ERROR40110"} - []
2024-04-15 10:17:40 [                         Handshake] -           ERROR - [HTTP/1.1 500 Internal Server Error. API returned an unexpected result. HttpCode was 401. Expected 200]
2024-04-15 10:17:40 [                          END CALL] -                 - [/Applications/MAMP/htdocs/Components/Classes/PluginGateway.php]

2024-04-15 10:23:08 [                   BeforeHandshake] -           DEBUG - [{"api_public":"JGbiIjDYZoBBWvyuSWc022oHALkH15p-","api_secret":"Ew8lgXFehLE5EfYrAt49fSjrYwr9t8fX","api_root":"https:\/\/gingerpaymentstest.ccvshop.nl","return_url":"https:\/\/gingerpaymentstest.ccvshop.nl\/onderhoud\/AdminItems\/AppStore\/AppStore.Return.php?Id=12970"}]
2024-04-15 10:23:08 [                        START CALL] -                 - [/Applications/MAMP/htdocs/Components/Classes/PluginGateway.php]
2024-04-15 10:23:08 [                         Handshake] -           INPUT - [{"api_public":"JGbiIjDYZoBBWvyuSWc022oHALkH15p-","api_secret":"Ew8lgXFehLE5EfYrAt49fSjrYwr9t8fX","api_root":"https:\/\/gingerpaymentstest.ccvshop.nl","return_url":"https:\/\/gingerpaymentstest.ccvshop.nl\/onderhoud\/AdminItems\/AppStore\/AppStore.Return.php?Id=12970"}]
2024-04-15 10:23:08 [                ProcessCredentials] -           START - []
2024-04-15 10:23:08 [                         Handshake] -           ERROR - [HTTP/1.1 500 Internal Server Error. Calculated hash does not match the hash included in the headers.]
2024-04-15 10:23:08 [                          END CALL] -                 - [/Applications/MAMP/htdocs/Components/Classes/PluginGateway.php]

2024-04-15 10:23:57 [                   BeforeHandshake] -           DEBUG - [{"api_public":"fPlMkc*y2ALsf8S!bCZrpL2_7u8A1Yrv","api_secret":"Oqug*QCa44za34KZO-mNEVv__rIDPOGm","api_root":"https:\/\/gingerpaymentstest.ccvshop.nl","return_url":"https:\/\/gingerpaymentstest.ccvshop.nl\/onderhoud\/AdminItems\/AppStore\/AppStore.Return.php?Id=12970"}]
2024-04-15 10:23:57 [                        START CALL] -                 - [/Applications/MAMP/htdocs/Components/Classes/PluginGateway.php]
2024-04-15 10:23:57 [                         Handshake] -           INPUT - [{"api_public":"fPlMkc*y2ALsf8S!bCZrpL2_7u8A1Yrv","api_secret":"Oqug*QCa44za34KZO-mNEVv__rIDPOGm","api_root":"https:\/\/gingerpaymentstest.ccvshop.nl","return_url":"https:\/\/gingerpaymentstest.ccvshop.nl\/onderhoud\/AdminItems\/AppStore\/AppStore.Return.php?Id=12970"}]
2024-04-15 10:23:57 [                ProcessCredentials] -           START - []
2024-04-15 10:23:57 [                        WebRequest] - HTTPCODE WAS 401. EXPECTED 200. RESPONSE: {"STATUS":401,"CODE":"401.10","PROPERTY":"X-PUBLIC","MESSAGE":"UNAUTHORIZED","DEVELOPERMESSAGE":"UNAUTHORIZED - HEADER [X-PUBLIC] IS NOT CORRECT","MOREINFO":"HTTPS:\/\/GINGERPAYMENTSTEST.CCVSHOP.NL\/API\/DOCS\/#ERROR40110"} - []
2024-04-15 10:23:57 [                         Handshake] -           ERROR - [HTTP/1.1 500 Internal Server Error. API returned an unexpected result. HttpCode was 401. Expected 200]
2024-04-15 10:23:57 [                          END CALL] -                 - [/Applications/MAMP/htdocs/Components/Classes/PluginGateway.php]

2024-04-15 10:30:20 [                   BeforeHandshake] -           DEBUG - [{"api_public":"0!wYjIci_Nqj8x!zlI-zW!mYfIdQopCA","api_secret":"KVTWUv7ihbjEyCQ6kKZC2eufSx1asK_2","api_root":"https:\/\/gingerpaymentstest.ccvshop.nl","return_url":"https:\/\/gingerpaymentstest.ccvshop.nl\/onderhoud\/AdminItems\/AppStore\/AppStore.Return.php?Id=12970"}]
2024-04-15 10:30:20 [                        START CALL] -                 - [/Applications/MAMP/htdocs/Components/Classes/PluginGateway.php]
2024-04-15 10:30:20 [                         Handshake] -           INPUT - [{"api_public":"0!wYjIci_Nqj8x!zlI-zW!mYfIdQopCA","api_secret":"KVTWUv7ihbjEyCQ6kKZC2eufSx1asK_2","api_root":"https:\/\/gingerpaymentstest.ccvshop.nl","return_url":"https:\/\/gingerpaymentstest.ccvshop.nl\/onderhoud\/AdminItems\/AppStore\/AppStore.Return.php?Id=12970"}]
2024-04-15 10:30:20 [                ProcessCredentials] -           START - []
2024-04-15 10:30:20 [                        WebRequest] - HTTPCODE WAS 401. EXPECTED 200. RESPONSE: {"STATUS":401,"CODE":"401.10","PROPERTY":"X-PUBLIC","MESSAGE":"UNAUTHORIZED","DEVELOPERMESSAGE":"UNAUTHORIZED - HEADER [X-PUBLIC] IS NOT CORRECT","MOREINFO":"HTTPS:\/\/GINGERPAYMENTSTEST.CCVSHOP.NL\/API\/DOCS\/#ERROR40110"} - []
2024-04-15 10:30:20 [                         Handshake] -           ERROR - [HTTP/1.1 500 Internal Server Error. API returned an unexpected result. HttpCode was 401. Expected 200]
2024-04-15 10:30:20 [                          END CALL] -                 - [/Applications/MAMP/htdocs/Components/Classes/PluginGateway.php]

2024-04-15 10:34:36 [                   BeforeHandshake] -           DEBUG - [{"api_public":"Lvyc21sDSLL-bSdBqT-ZjzDnLCZOsFtL","api_secret":"k91ISJV9KFbP42tCicCzfnnjcM^4dHeL","api_root":"https:\/\/gingerpaymentstest.ccvshop.nl","return_url":"https:\/\/gingerpaymentstest.ccvshop.nl\/onderhoud\/AdminItems\/AppStore\/AppStore.Return.php?Id=12970"}]
2024-04-15 10:34:36 [                        START CALL] -                 - [/Applications/MAMP/htdocs/Components/Classes/PluginGateway.php]
2024-04-15 10:34:36 [                         Handshake] -           INPUT - [{"api_public":"Lvyc21sDSLL-bSdBqT-ZjzDnLCZOsFtL","api_secret":"k91ISJV9KFbP42tCicCzfnnjcM^4dHeL","api_root":"https:\/\/gingerpaymentstest.ccvshop.nl","return_url":"https:\/\/gingerpaymentstest.ccvshop.nl\/onderhoud\/AdminItems\/AppStore\/AppStore.Return.php?Id=12970"}]
2024-04-15 10:34:36 [                ProcessCredentials] -           START - []
2024-04-15 10:34:36 [                        WebRequest] - HTTPCODE WAS 401. EXPECTED 200. RESPONSE: {"STATUS":401,"CODE":"401.10","PROPERTY":"X-PUBLIC","MESSAGE":"UNAUTHORIZED","DEVELOPERMESSAGE":"UNAUTHORIZED - HEADER [X-PUBLIC] IS NOT CORRECT","MOREINFO":"HTTPS:\/\/GINGERPAYMENTSTEST.CCVSHOP.NL\/API\/DOCS\/#ERROR40110"} - []
2024-04-15 10:34:36 [                         Handshake] -           ERROR - [HTTP/1.1 500 Internal Server Error. API returned an unexpected result. HttpCode was 401. Expected 200]
2024-04-15 10:34:36 [                          END CALL] -                 - [/Applications/MAMP/htdocs/Components/Classes/PluginGateway.php]

2024-04-15 10:45:47 [                   BeforeHandshake] -           DEBUG - [{"api_public":"2w5y77R_VuX876Ccg-LofU0oIUOTPqWA","api_secret":"4ZZzPxdm1YqO7Olk7kQPAWc2_R-PhJQF","api_root":"https:\/\/gingerpaymentstest.ccvshop.nl","return_url":"https:\/\/gingerpaymentstest.ccvshop.nl\/onderhoud\/AdminItems\/AppStore\/AppStore.Return.php?Id=12970"}]
2024-04-15 10:45:47 [                        START CALL] -                 - [/Applications/MAMP/htdocs/Components/Classes/PluginGateway.php]
2024-04-15 10:45:47 [                         Handshake] -           INPUT - [{"api_public":"2w5y77R_VuX876Ccg-LofU0oIUOTPqWA","api_secret":"4ZZzPxdm1YqO7Olk7kQPAWc2_R-PhJQF","api_root":"https:\/\/gingerpaymentstest.ccvshop.nl","return_url":"https:\/\/gingerpaymentstest.ccvshop.nl\/onderhoud\/AdminItems\/AppStore\/AppStore.Return.php?Id=12970"}]
2024-04-15 10:45:47 [                ProcessCredentials] -           START - []
2024-04-15 10:45:48 [                        WebRequest] - HTTPCODE WAS 401. EXPECTED 200. RESPONSE: {"STATUS":401,"CODE":"401.10","PROPERTY":"X-PUBLIC","MESSAGE":"UNAUTHORIZED","DEVELOPERMESSAGE":"UNAUTHORIZED - HEADER [X-PUBLIC] IS NOT CORRECT","MOREINFO":"HTTPS:\/\/GINGERPAYMENTSTEST.CCVSHOP.NL\/API\/DOCS\/#ERROR40110"} - []
2024-04-15 10:45:48 [                         Handshake] -           ERROR - [HTTP/1.1 500 Internal Server Error. API returned an unexpected result. HttpCode was 401. Expected 200]
2024-04-15 10:45:48 [                          END CALL] -                 - [/Applications/MAMP/htdocs/Components/Classes/PluginGateway.php]

